INFO:     Will watch for changes in these directories: ['/home/fujita/develop/kintone/backend']
INFO:     Uvicorn running on http://0.0.0.0:8000 (Press CTRL+C to quit)
INFO:     Started reloader process [63834] using WatchFiles
INFO:     Started server process [63845]
INFO:     Waiting for application startup.
INFO:     Application startup complete.
2026-01-30 13:30:36,562 INFO sqlalchemy.engine.Engine select pg_catalog.version()
2026-01-30 13:30:36,562 INFO sqlalchemy.engine.Engine [raw sql] ()
2026-01-30 13:30:36,568 INFO sqlalchemy.engine.Engine select current_schema()
2026-01-30 13:30:36,568 INFO sqlalchemy.engine.Engine [raw sql] ()
2026-01-30 13:30:36,572 INFO sqlalchemy.engine.Engine show standard_conforming_strings
2026-01-30 13:30:36,572 INFO sqlalchemy.engine.Engine [raw sql] ()
2026-01-30 13:30:36,574 INFO sqlalchemy.engine.Engine BEGIN (implicit)
2026-01-30 13:30:36,577 INFO sqlalchemy.engine.Engine INSERT INTO apps (id, name, description, icon, updated_at) VALUES ($1::UUID, $2::VARCHAR, $3::VARCHAR, $4::VARCHAR, $5::TIMESTAMP WITH TIME ZONE) RETURNING apps.created_at
2026-01-30 13:30:36,577 INFO sqlalchemy.engine.Engine [generated in 0.00027s] (UUID('87557488-49f1-4551-9a02-687e76f4d531'), 'Test App', 'My first app', None, None)
2026-01-30 13:30:36,584 INFO sqlalchemy.engine.Engine COMMIT
2026-01-30 13:30:36,587 INFO sqlalchemy.engine.Engine BEGIN (implicit)
2026-01-30 13:30:36,590 INFO sqlalchemy.engine.Engine SELECT apps.id, apps.name, apps.description, apps.icon, apps.created_at, apps.updated_at 
FROM apps 
WHERE apps.id = $1::UUID
2026-01-30 13:30:36,590 INFO sqlalchemy.engine.Engine [generated in 0.00028s] (UUID('87557488-49f1-4551-9a02-687e76f4d531'),)
INFO:     127.0.0.1:52212 - "POST /api/v1/apps/ HTTP/1.1" 201 Created
2026-01-30 13:30:36,595 INFO sqlalchemy.engine.Engine ROLLBACK
WARNING:  WatchFiles detected changes in 'app/schemas/field_schema.py'. Reloading...
INFO:     Shutting down
INFO:     Waiting for application shutdown.
INFO:     Application shutdown complete.
INFO:     Finished server process [63845]
INFO:     Started server process [63961]
INFO:     Waiting for application startup.
INFO:     Application startup complete.
WARNING:  WatchFiles detected changes in 'app/services/field_service.py'. Reloading...
INFO:     Shutting down
INFO:     Waiting for application shutdown.
INFO:     Application shutdown complete.
INFO:     Finished server process [63961]
INFO:     Started server process [63978]
INFO:     Waiting for application startup.
INFO:     Application startup complete.
WARNING:  WatchFiles detected changes in 'app/api/fields.py'. Reloading...
INFO:     Shutting down
INFO:     Waiting for application shutdown.
INFO:     Application shutdown complete.
INFO:     Finished server process [63978]
INFO:     Started server process [63988]
INFO:     Waiting for application startup.
INFO:     Application startup complete.
WARNING:  WatchFiles detected changes in 'app/main.py'. Reloading...
INFO:     Shutting down
INFO:     Waiting for application shutdown.
INFO:     Application shutdown complete.
INFO:     Finished server process [63988]
INFO:     Started server process [64001]
INFO:     Waiting for application startup.
INFO:     Application startup complete.
2026-01-30 13:31:18,826 INFO sqlalchemy.engine.Engine select pg_catalog.version()
2026-01-30 13:31:18,826 INFO sqlalchemy.engine.Engine [raw sql] ()
2026-01-30 13:31:18,830 INFO sqlalchemy.engine.Engine select current_schema()
2026-01-30 13:31:18,831 INFO sqlalchemy.engine.Engine [raw sql] ()
2026-01-30 13:31:18,835 INFO sqlalchemy.engine.Engine show standard_conforming_strings
2026-01-30 13:31:18,835 INFO sqlalchemy.engine.Engine [raw sql] ()
2026-01-30 13:31:18,839 INFO sqlalchemy.engine.Engine BEGIN (implicit)
2026-01-30 13:31:18,842 INFO sqlalchemy.engine.Engine INSERT INTO fields (id, app_id, code, type, label, config) VALUES ($1::UUID, $2::UUID, $3::VARCHAR, $4::VARCHAR, $5::VARCHAR, $6::JSONB)
2026-01-30 13:31:18,842 INFO sqlalchemy.engine.Engine [generated in 0.00080s] (UUID('e576b2c7-b200-45ae-99c2-578f6ff372e1'), UUID('87557488-49f1-4551-9a02-687e76f4d531'), 'customer_name', 'SINGLE_LINE_TEXT', 'Customer Name', '{}')
2026-01-30 13:31:18,852 INFO sqlalchemy.engine.Engine COMMIT
2026-01-30 13:31:18,864 INFO sqlalchemy.engine.Engine BEGIN (implicit)
2026-01-30 13:31:18,868 INFO sqlalchemy.engine.Engine SELECT fields.id, fields.app_id, fields.code, fields.type, fields.label, fields.config 
FROM fields 
WHERE fields.id = $1::UUID
2026-01-30 13:31:18,869 INFO sqlalchemy.engine.Engine [generated in 0.00083s] (UUID('e576b2c7-b200-45ae-99c2-578f6ff372e1'),)
INFO:     127.0.0.1:46652 - "POST /api/v1/fields/ HTTP/1.1" 201 Created
2026-01-30 13:31:18,873 INFO sqlalchemy.engine.Engine ROLLBACK
WARNING:  WatchFiles detected changes in 'app/schemas/record_schema.py'. Reloading...
INFO:     Shutting down
INFO:     Waiting for application shutdown.
INFO:     Application shutdown complete.
INFO:     Finished server process [64001]
INFO:     Started server process [64113]
INFO:     Waiting for application startup.
INFO:     Application startup complete.
WARNING:  WatchFiles detected changes in 'app/services/record_service.py'. Reloading...
INFO:     Shutting down
INFO:     Waiting for application shutdown.
INFO:     Application shutdown complete.
INFO:     Finished server process [64113]
INFO:     Started server process [64147]
INFO:     Waiting for application startup.
INFO:     Application startup complete.
WARNING:  WatchFiles detected changes in 'app/api/records.py'. Reloading...
INFO:     Shutting down
INFO:     Waiting for application shutdown.
INFO:     Application shutdown complete.
INFO:     Finished server process [64147]
INFO:     Started server process [64160]
INFO:     Waiting for application startup.
INFO:     Application startup complete.
WARNING:  WatchFiles detected changes in 'app/main.py'. Reloading...
INFO:     Shutting down
INFO:     Waiting for application shutdown.
INFO:     Application shutdown complete.
INFO:     Finished server process [64160]
INFO:     Started server process [64169]
INFO:     Waiting for application startup.
INFO:     Application startup complete.
2026-01-30 13:31:50,415 INFO sqlalchemy.engine.Engine select pg_catalog.version()
2026-01-30 13:31:50,415 INFO sqlalchemy.engine.Engine [raw sql] ()
2026-01-30 13:31:50,420 INFO sqlalchemy.engine.Engine select current_schema()
2026-01-30 13:31:50,420 INFO sqlalchemy.engine.Engine [raw sql] ()
2026-01-30 13:31:50,425 INFO sqlalchemy.engine.Engine show standard_conforming_strings
2026-01-30 13:31:50,425 INFO sqlalchemy.engine.Engine [raw sql] ()
2026-01-30 13:31:50,428 INFO sqlalchemy.engine.Engine BEGIN (implicit)
2026-01-30 13:31:50,442 INFO sqlalchemy.engine.Engine SELECT max(records.record_number) AS max_1 
FROM records 
WHERE records.app_id = $1::UUID
2026-01-30 13:31:50,443 INFO sqlalchemy.engine.Engine [generated in 0.00047s] (UUID('87557488-49f1-4551-9a02-687e76f4d531'),)
2026-01-30 13:31:50,453 INFO sqlalchemy.engine.Engine INSERT INTO records (id, app_id, record_number, data, status, updated_at) VALUES ($1::UUID, $2::UUID, $3::BIGINT, $4::JSONB, $5::VARCHAR, $6::TIMESTAMP WITH TIME ZONE) RETURNING records.created_at
2026-01-30 13:31:50,454 INFO sqlalchemy.engine.Engine [generated in 0.00055s] (UUID('2910ccd2-1a43-480c-acd4-93796b7bbf40'), UUID('87557488-49f1-4551-9a02-687e76f4d531'), 1, '{"customer_name": "ACME Corp"}', 'Active', None)
2026-01-30 13:31:50,459 INFO sqlalchemy.engine.Engine COMMIT
2026-01-30 13:31:50,464 INFO sqlalchemy.engine.Engine BEGIN (implicit)
2026-01-30 13:31:50,466 INFO sqlalchemy.engine.Engine SELECT records.id, records.app_id, records.record_number, records.data, records.status, records.created_at, records.updated_at 
FROM records 
WHERE records.id = $1::UUID
2026-01-30 13:31:50,466 INFO sqlalchemy.engine.Engine [generated in 0.00046s] (UUID('2910ccd2-1a43-480c-acd4-93796b7bbf40'),)
INFO:     127.0.0.1:50118 - "POST /api/v1/records/ HTTP/1.1" 201 Created
2026-01-30 13:31:50,470 INFO sqlalchemy.engine.Engine ROLLBACK
